<?xml version="1.0" encoding="UTF-8"?>
<testng-results ignored="0" total="1" passed="1" failed="0" skipped="0">
  <reporter-output>
  </reporter-output>
  <suite started-at="2025-02-10T21:27:16 EST" name="Default suite" finished-at="2025-02-10T21:27:16 EST" duration-ms="50">
    <groups>
    </groups>
    <test started-at="2025-02-10T21:27:16 EST" name="Default test" finished-at="2025-02-10T21:27:16 EST" duration-ms="50">
      <class name="TestNG">
        <test-method signature="printsomething()[pri:0, instance:TestNG@31304f14]" started-at="2025-02-10T21:27:16 EST" name="printsomething" finished-at="2025-02-10T21:27:16 EST" duration-ms="9" status="PASS">
          <reporter-output>
          </reporter-output>
        </test-method> <!-- printsomething -->
      </class> <!-- TestNG -->
    </test> <!-- Default test -->
  </suite> <!-- Default suite -->
</testng-results>
